2023/11/27 20:26:28 [emerg] 1#1: host not found in upstream "phpfpm" in /etc/nginx/conf.d/site.conf:18
2023/11/27 20:29:12 [notice] 1#1: using the "epoll" event method
2023/11/27 20:29:12 [notice] 1#1: nginx/1.25.3
2023/11/27 20:29:12 [notice] 1#1: built by gcc 12.2.0 (Debian 12.2.0-14) 
2023/11/27 20:29:12 [notice] 1#1: OS: Linux 5.15.49-linuxkit
2023/11/27 20:29:12 [notice] 1#1: getrlimit(RLIMIT_NOFILE): 1048576:1048576
2023/11/27 20:29:12 [notice] 1#1: start worker processes
2023/11/27 20:29:12 [notice] 1#1: start worker process 20
2023/11/27 20:29:12 [notice] 1#1: start worker process 21
2023/11/27 20:29:12 [notice] 1#1: start worker process 22
2023/11/27 20:29:12 [notice] 1#1: start worker process 23
2023/11/27 20:29:12 [notice] 1#1: start worker process 24
2023/11/27 20:29:12 [notice] 1#1: start worker process 25
2023/11/27 20:29:19 [error] 20#20: *1 FastCGI sent in stderr: "PHP message: PHP Warning:  require(/var/www/html/public/../vendor/autoload.php): failed to open stream: No such file or directory in /var/www/html/public/index.php on line 24PHP message: PHP Fatal error:  require(): Failed opening required '/var/www/html/public/../vendor/autoload.php' (include_path='.:/usr/local/lib/php') in /var/www/html/public/index.php on line 24" while reading response header from upstream, client: 172.21.0.1, server: localhost, request: "GET / HTTP/1.1", upstream: "fastcgi://172.21.0.3:9000", host: "localhost:8080"
2023/11/27 20:29:20 [error] 20#20: *1 FastCGI sent in stderr: "PHP message: PHP Warning:  require(/var/www/html/public/../vendor/autoload.php): failed to open stream: No such file or directory in /var/www/html/public/index.php on line 24PHP message: PHP Fatal error:  require(): Failed opening required '/var/www/html/public/../vendor/autoload.php' (include_path='.:/usr/local/lib/php') in /var/www/html/public/index.php on line 24" while reading response header from upstream, client: 172.21.0.1, server: localhost, request: "GET / HTTP/1.1", upstream: "fastcgi://172.21.0.3:9000", host: "localhost:8080"
2023/11/27 20:29:27 [notice] 1#1: signal 3 (SIGQUIT) received, shutting down
2023/11/27 20:29:27 [notice] 21#21: gracefully shutting down
2023/11/27 20:29:27 [notice] 20#20: gracefully shutting down
2023/11/27 20:29:27 [notice] 22#22: gracefully shutting down
2023/11/27 20:29:27 [notice] 22#22: exiting
2023/11/27 20:29:27 [notice] 23#23: gracefully shutting down
2023/11/27 20:29:27 [notice] 24#24: gracefully shutting down
2023/11/27 20:29:27 [notice] 24#24: exiting
2023/11/27 20:29:27 [notice] 25#25: gracefully shutting down
2023/11/27 20:29:27 [notice] 20#20: exiting
2023/11/27 20:29:27 [notice] 22#22: exit
2023/11/27 20:29:27 [notice] 23#23: exiting
2023/11/27 20:29:27 [notice] 23#23: exit
2023/11/27 20:29:27 [notice] 24#24: exit
2023/11/27 20:29:27 [notice] 25#25: exiting
2023/11/27 20:29:27 [notice] 1#1: signal 17 (SIGCHLD) received from 22
2023/11/27 20:29:27 [notice] 20#20: exit
2023/11/27 20:29:27 [notice] 25#25: exit
2023/11/27 20:29:27 [notice] 1#1: worker process 22 exited with code 0
2023/11/27 20:29:27 [notice] 1#1: signal 29 (SIGIO) received
2023/11/27 20:29:27 [notice] 1#1: signal 17 (SIGCHLD) received from 23
2023/11/27 20:29:27 [notice] 1#1: worker process 23 exited with code 0
2023/11/27 20:29:27 [notice] 1#1: signal 29 (SIGIO) received
2023/11/27 20:29:27 [notice] 1#1: signal 17 (SIGCHLD) received from 24
2023/11/27 20:29:27 [notice] 1#1: worker process 24 exited with code 0
2023/11/27 20:29:27 [notice] 1#1: signal 29 (SIGIO) received
2023/11/27 20:29:27 [notice] 1#1: signal 17 (SIGCHLD) received from 25
2023/11/27 20:29:27 [notice] 1#1: worker process 25 exited with code 0
2023/11/27 20:29:27 [notice] 1#1: signal 29 (SIGIO) received
2023/11/27 20:29:27 [notice] 1#1: signal 17 (SIGCHLD) received from 20
2023/11/27 20:29:27 [notice] 1#1: worker process 20 exited with code 0
2023/11/27 20:29:27 [notice] 1#1: signal 29 (SIGIO) received
2023/11/27 20:30:07 [notice] 1#1: using the "epoll" event method
2023/11/27 20:30:07 [notice] 1#1: nginx/1.25.3
2023/11/27 20:30:07 [notice] 1#1: built by gcc 12.2.0 (Debian 12.2.0-14) 
2023/11/27 20:30:07 [notice] 1#1: OS: Linux 5.15.49-linuxkit
2023/11/27 20:30:07 [notice] 1#1: getrlimit(RLIMIT_NOFILE): 1048576:1048576
2023/11/27 20:30:07 [notice] 1#1: start worker processes
2023/11/27 20:30:07 [notice] 1#1: start worker process 20
2023/11/27 20:30:07 [notice] 1#1: start worker process 21
2023/11/27 20:30:07 [notice] 1#1: start worker process 22
2023/11/27 20:30:07 [notice] 1#1: start worker process 23
2023/11/27 20:30:07 [notice] 1#1: start worker process 24
2023/11/27 20:30:07 [notice] 1#1: start worker process 25
2023/11/27 20:30:14 [error] 20#20: *1 FastCGI sent in stderr: "PHP message: PHP Warning:  require(/var/www/html/public/../vendor/autoload.php): failed to open stream: No such file or directory in /var/www/html/public/index.php on line 24PHP message: PHP Fatal error:  require(): Failed opening required '/var/www/html/public/../vendor/autoload.php' (include_path='.:/usr/local/lib/php') in /var/www/html/public/index.php on line 24" while reading response header from upstream, client: 172.21.0.1, server: localhost, request: "GET / HTTP/1.1", upstream: "fastcgi://172.21.0.3:9000", host: "localhost:8080"
